

Microchip MPLAB XC8 Assembler V2.31 build 20201012212115 
                                                                                               Thu Feb 25 12:07:31 2021

Microchip MPLAB XC8 C Compiler v2.31 (Free license) build 20201012212115 Og1 
     1                           	processor	18F27Q43
     2                           	fnconf	rparam,??,?,0
     3                           	pagewidth 120
     4                           	opt	flic
     5                           	psect	cinit,global,reloc=2,class=CODE,delta=1
     6                           	psect	bssCOMRAM,global,class=COMRAM,space=1,delta=1,lowdata,noexec
     7                           	psect	cstackCOMRAM,global,class=COMRAM,space=1,delta=1,lowdata,noexec
     8                           	psect	text0,global,reloc=2,class=CODE,delta=1
     9                           	psect	text1,global,reloc=2,class=CODE,delta=1
    10                           	psect	text2,global,reloc=2,class=CODE,delta=1
    11                           	psect	text3,global,reloc=2,class=CODE,delta=1
    12                           	psect	text4,global,reloc=2,class=CODE,delta=1
    13                           	psect	text5,global,reloc=2,class=CODE,delta=1
    14                           	psect	text6,global,reloc=2,class=CODE,delta=1
    15                           	psect	intsave_regs,global,class=BIGRAM,space=1,delta=1,noexec
    16                           	psect	rparam,global,class=COMRAM,space=1,delta=1,noexec
    17                           	psect	idloc,global,abs,ovrld,class=IDLOC,space=5,delta=1,noexec
    18                           	psect	config,global,abs,ovrld,class=CONFIG,space=4,delta=1,noexec
    19  0000                     
    20                           ; Version 2.30
    21                           ; Generated 20/08/2020 GMT
    22                           ; 
    23                           ; Copyright © 2020, Microchip Technology Inc. and its subsidiaries ("Microchip")
    24                           ; All rights reserved.
    25                           ; 
    26                           ; This software is developed by Microchip Technology Inc. and its subsidiaries ("Microch
      +                          ip").
    27                           ; 
    28                           ; Redistribution and use in source and binary forms, with or without modification, are
    29                           ; permitted provided that the following conditions are met:
    30                           ; 
    31                           ;     1. Redistributions of source code must retain the above copyright notice, this lis
      +                          t of
    32                           ;        conditions and the following disclaimer.
    33                           ; 
    34                           ;     2. Redistributions in binary form must reproduce the above copyright notice, this 
      +                          list
    35                           ;        of conditions and the following disclaimer in the documentation and/or other
    36                           ;        materials provided with the distribution. Publication is not required when
    37                           ;        this file is used in an embedded application.
    38                           ; 
    39                           ;     3. Microchip's name may not be used to endorse or promote products derived from th
      +                          is
    40                           ;        software without specific prior written permission.
    41                           ; 
    42                           ; THIS SOFTWARE IS PROVIDED BY MICROCHIP "AS IS" AND ANY EXPRESS OR IMPLIED WARRANTIES,
    43                           ; INCLUDING, BUT NOT LIMITED TO, THE IMPLIED WARRANTIES OF MERCHANTABILITY AND FITNESS F
      +                          OR
    44                           ; PURPOSE ARE DISCLAIMED.  IN NO EVENT SHALL MICROCHIP BE LIABLE FOR ANY DIRECT, INDIREC
      +                          T,
    45                           ; INCIDENTAL, SPECIAL, EXEMPLARY, OR CONSEQUENTIAL DAMAGES (INCLUDING BUT NOT LIMITED TO
    46                           ; PROCUREMENT OF SUBSTITUTE GOODS OR SERVICES; LOSS OF USE, DATA OR PROFITS; OR BUSINESS
    47                           ; INTERRUPTION) HOWSOEVER CAUSED AND ON ANY THEORY OF LIABILITY, WHETHER IN CONTRACT, ST
      +                          RICT
    48                           ; LIABILITY, OR TORT (INCLUDING NEGLIGENCE OR OTHERWISE) ARISING IN ANY WAY OUT OF THE U
      +                          SE OF
    49                           ; THIS SOFTWARE, EVEN IF ADVISED OF THE POSSIBILITY OF SUCH DAMAGE.
    50                           ; 
    51                           ; 
    52                           ; Code-generator required, PIC18F27Q43 Definitions
    53                           ; 
    54                           ; SFR Addresses
    55  0000                     _ANSELB	set	1032
    56  0000                     _ANSELA	set	1024
    57  0000                     _PORTBbits	set	1231
    58  0000                     _LATB	set	1215
    59  0000                     _TRISB	set	1223
    60  0000                     _PORTB	set	1231
    61  0000                     _LATA	set	1214
    62  0000                     _TRISA	set	1222
    63  0000                     _PORTA	set	1230
    64                           
    65                           ; #config settings
    66                           
    67                           	psect	cinit
    68  01FF14                     __pcinit:
    69                           	callstack 0
    70  01FF14                     start_initialization:
    71                           	callstack 0
    72  01FF14                     __initialization:
    73                           	callstack 0
    74                           
    75                           ; Clear objects allocated to COMRAM (17 bytes)
    76  01FF14  EE01  F101         	lfsr	0,__pbssCOMRAM
    77  01FF18  0E11               	movlw	17
    78  01FF1A                     clear_0:
    79  01FF1A  6AEE               	clrf	postinc0,c
    80  01FF1C  06E8               	decf	wreg,f,c
    81  01FF1E  E1FD               	bnz	clear_0
    82  01FF20                     end_of_initialization:
    83                           	callstack 0
    84  01FF20                     __end_of__initialization:
    85                           	callstack 0
    86  01FF20  0100               	movlb	0
    87  01FF22  EFA4  F0FF         	goto	_main	;jump to C main() function
    88                           
    89                           	psect	bssCOMRAM
    90  000501                     __pbssCOMRAM:
    91                           	callstack 0
    92  000501                     UserAppRun@u32Counter:
    93                           	callstack 0
    94  000501                     	ds	4
    95  000505                     _G_u32SystemFlags:
    96                           	callstack 0
    97  000505                     	ds	4
    98  000509                     _G_u32SystemTime1s:
    99                           	callstack 0
   100  000509                     	ds	4
   101  00050D                     _G_u32SystemTime1ms:
   102                           	callstack 0
   103  00050D                     	ds	4
   104  000511                     _G_u8UserAppFlags:
   105                           	callstack 0
   106  000511                     	ds	1
   107                           
   108                           	psect	cstackCOMRAM
   109  000512                     __pcstackCOMRAM:
   110                           	callstack 0
   111  000512                     UserAppRun@ButtonPress:
   112                           	callstack 0
   113                           
   114                           ; 2 bytes @ 0x0
   115  000512                     	ds	2
   116  000514                     
   117                           ; 1 bytes @ 0x2
   118 ;;
   119 ;;Main: autosize = 0, tempsize = 0, incstack = 0, save=0
   120 ;;
   121 ;; *************** function _main *****************
   122 ;; Defined at:
   123 ;;		line 35 in file "main.c"
   124 ;; Parameters:    Size  Location     Type
   125 ;;		None
   126 ;; Auto vars:     Size  Location     Type
   127 ;;		None
   128 ;; Return value:  Size  Location     Type
   129 ;;                  1    wreg      void 
   130 ;; Registers used:
   131 ;;		wreg, status,2, status,0, cstack
   132 ;; Tracked objects:
   133 ;;		On entry : 0/0
   134 ;;		On exit  : 0/0
   135 ;;		Unchanged: 0/0
   136 ;; Data sizes:     COMRAM   BANK5   BANK6   BANK7   BANK8   BANK9  BANK10  BANK11  BANK12  BANK13  BANK14  BANK15  BANK1
      +6  BANK17  BANK18  BANK19  BANK20  BANK21  BANK22  BANK23  BANK24  BANK25  BANK26  BANK27  BANK28  BANK29  BANK30  BANK3
      +1  BANK32  BANK33  BANK34  BANK35  BANK36  BANK37
   137 ;;      Params:         0       0       0       0       0       0       0       0       0       0       0       0       
      +0       0       0       0       0       0       0       0       0       0       0       0       0       0       0       
      +0       0       0       0       0       0       0
   138 ;;      Locals:         0       0       0       0       0       0       0       0       0       0       0       0       
      +0       0       0       0       0       0       0       0       0       0       0       0       0       0       0       
      +0       0       0       0       0       0       0
   139 ;;      Temps:          0       0       0       0       0       0       0       0       0       0       0       0       
      +0       0       0       0       0       0       0       0       0       0       0       0       0       0       0       
      +0       0       0       0       0       0       0
   140 ;;      Totals:         0       0       0       0       0       0       0       0       0       0       0       0       
      +0       0       0       0       0       0       0       0       0       0       0       0       0       0       0       
      +0       0       0       0       0       0       0
   141 ;;Total ram usage:        0 bytes
   142 ;; Hardware stack levels required when called:    1
   143 ;; This function calls:
   144 ;;		_ClockSetup
   145 ;;		_GpioSetup
   146 ;;		_SysTickSetup
   147 ;;		_SystemSleep
   148 ;;		_UserAppInitialize
   149 ;;		_UserAppRun
   150 ;; This function is called by:
   151 ;;		Startup code after reset
   152 ;; This function uses a non-reentrant model
   153 ;;
   154                           
   155                           	psect	text0
   156  01FF48                     __ptext0:
   157                           	callstack 0
   158  01FF48                     _main:
   159                           	callstack 127
   160  01FF48                     
   161                           ;main.c: 37:   G_u32SystemFlags |= (u32)0x80000000;
   162  01FF48  8E08               	bsf	(_G_u32SystemFlags+3)^(0+1280),7,c	;volatile
   163  01FF4A                     
   164                           ;main.c: 40:   ClockSetup();
   165  01FF4A  EC87  F0FF         	call	_ClockSetup	;wreg free
   166  01FF4E                     
   167                           ;main.c: 41:   SysTickSetup();
   168  01FF4E  EC93  F0FF         	call	_SysTickSetup	;wreg free
   169  01FF52                     
   170                           ;main.c: 42:   GpioSetup();
   171  01FF52  ECB5  F0FF         	call	_GpioSetup	;wreg free
   172  01FF56                     
   173                           ;main.c: 47:   UserAppInitialize();
   174  01FF56  EC89  F0FF         	call	_UserAppInitialize	;wreg free
   175  01FF5A                     l804:
   176                           
   177                           ;main.c: 53:   {;main.c: 57:     UserAppRun();
   178  01FF5A  ECC7  F0FF         	call	_UserAppRun	;wreg free
   179  01FF5E                     
   180                           ;main.c: 62:     SystemSleep();
   181  01FF5E  EC88  F0FF         	call	_SystemSleep	;wreg free
   182  01FF62  EFAD  F0FF         	goto	l804
   183  01FF66  EFFE  F0FF         	goto	start
   184  01FF6A                     __end_of_main:
   185                           	callstack 0
   186                           
   187 ;; *************** function _UserAppRun *****************
   188 ;; Defined at:
   189 ;;		line 95 in file "user_app.c"
   190 ;; Parameters:    Size  Location     Type
   191 ;;		None
   192 ;; Auto vars:     Size  Location     Type
   193 ;;  ButtonPress     2    0[COMRAM] int 
   194 ;; Return value:  Size  Location     Type
   195 ;;                  1    wreg      void 
   196 ;; Registers used:
   197 ;;		wreg, status,2, status,0
   198 ;; Tracked objects:
   199 ;;		On entry : 0/0
   200 ;;		On exit  : 0/0
   201 ;;		Unchanged: 0/0
   202 ;; Data sizes:     COMRAM   BANK5   BANK6   BANK7   BANK8   BANK9  BANK10  BANK11  BANK12  BANK13  BANK14  BANK15  BANK1
      +6  BANK17  BANK18  BANK19  BANK20  BANK21  BANK22  BANK23  BANK24  BANK25  BANK26  BANK27  BANK28  BANK29  BANK30  BANK3
      +1  BANK32  BANK33  BANK34  BANK35  BANK36  BANK37
   203 ;;      Params:         0       0       0       0       0       0       0       0       0       0       0       0       
      +0       0       0       0       0       0       0       0       0       0       0       0       0       0       0       
      +0       0       0       0       0       0       0
   204 ;;      Locals:         2       0       0       0       0       0       0       0       0       0       0       0       
      +0       0       0       0       0       0       0       0       0       0       0       0       0       0       0       
      +0       0       0       0       0       0       0
   205 ;;      Temps:          0       0       0       0       0       0       0       0       0       0       0       0       
      +0       0       0       0       0       0       0       0       0       0       0       0       0       0       0       
      +0       0       0       0       0       0       0
   206 ;;      Totals:         2       0       0       0       0       0       0       0       0       0       0       0       
      +0       0       0       0       0       0       0       0       0       0       0       0       0       0       0       
      +0       0       0       0       0       0       0
   207 ;;Total ram usage:        2 bytes
   208 ;; Hardware stack levels used:    1
   209 ;; This function calls:
   210 ;;		Nothing
   211 ;; This function is called by:
   212 ;;		_main
   213 ;; This function uses a non-reentrant model
   214 ;;
   215                           
   216                           	psect	text1
   217  01FF8E                     __ptext1:
   218                           	callstack 0
   219  01FF8E                     _UserAppRun:
   220                           	callstack 127
   221  01FF8E                     l72:
   222  01FF8E                     
   223                           ;user_app.c: 98:     {;user_app.c: 99:     static u32 u32Counter = 0x00000000;;user_app.
      +                          c: 100:     int ButtonPress;;user_app.c: 102:     if(PORTB == 0x10)
   224  01FF8E  0E10               	movlw	16
   225  01FF90  18CF               	xorwf	207,w,c	;volatile
   226  01FF92  A4D8               	btfss	status,2,c
   227  01FF94  EFCE  F0FF         	goto	u11
   228  01FF98  EFD0  F0FF         	goto	u10
   229  01FF9C                     u11:
   230  01FF9C  EFD4  F0FF         	goto	l764
   231  01FFA0                     u10:
   232  01FFA0                     
   233                           ;user_app.c: 103:     {;user_app.c: 104:         ButtonPress = 0;
   234  01FFA0  0E00               	movlw	0
   235  01FFA2  6E13               	movwf	(UserAppRun@ButtonPress+1)^(0+1280),c
   236  01FFA4  0E00               	movlw	0
   237  01FFA6  6E12               	movwf	UserAppRun@ButtonPress^(0+1280),c
   238  01FFA8                     l764:
   239                           
   240                           ;user_app.c: 106:     if(PORTBbits.RB5 == 1 && ButtonPress == 0)
   241  01FFA8  AACF               	btfss	207,5,c	;volatile
   242  01FFAA  EFD9  F0FF         	goto	u21
   243  01FFAE  EFDB  F0FF         	goto	u20
   244  01FFB2                     u21:
   245  01FFB2  EFC7  F0FF         	goto	l72
   246  01FFB6                     u20:
   247  01FFB6  5012               	movf	UserAppRun@ButtonPress^(0+1280),w,c
   248  01FFB8  1013               	iorwf	(UserAppRun@ButtonPress+1)^(0+1280),w,c
   249  01FFBA  A4D8               	btfss	status,2,c
   250  01FFBC  EFE2  F0FF         	goto	u31
   251  01FFC0  EFE4  F0FF         	goto	u30
   252  01FFC4                     u31:
   253  01FFC4  EFC7  F0FF         	goto	l72
   254  01FFC8                     u30:
   255  01FFC8                     
   256                           ;user_app.c: 107:     {;user_app.c: 108:         ButtonPress = 1;
   257  01FFC8  0E00               	movlw	0
   258  01FFCA  6E13               	movwf	(UserAppRun@ButtonPress+1)^(0+1280),c
   259  01FFCC  0E01               	movlw	1
   260  01FFCE  6E12               	movwf	UserAppRun@ButtonPress^(0+1280),c
   261  01FFD0                     
   262                           ;user_app.c: 109:         u32Counter++;
   263  01FFD0  0E01               	movlw	1
   264  01FFD2  2601               	addwf	UserAppRun@u32Counter^(0+1280),f,c
   265  01FFD4  0E00               	movlw	0
   266  01FFD6  2202               	addwfc	(UserAppRun@u32Counter+1)^(0+1280),f,c
   267  01FFD8  2203               	addwfc	(UserAppRun@u32Counter+2)^(0+1280),f,c
   268  01FFDA  2204               	addwfc	(UserAppRun@u32Counter+3)^(0+1280),f,c
   269  01FFDC                     
   270                           ;user_app.c: 110:         LATA = 0x80 + u32Counter;
   271  01FFDC  5001               	movf	UserAppRun@u32Counter^(0+1280),w,c
   272  01FFDE  0F80               	addlw	128
   273  01FFE0  6EBE               	movwf	190,c	;volatile
   274  01FFE2                     
   275                           ;user_app.c: 112:         if(LATA >= 0xBF)
   276  01FFE2  0EBE               	movlw	190
   277  01FFE4  64BE               	cpfsgt	190,c	;volatile
   278  01FFE6  EFF7  F0FF         	goto	u41
   279  01FFEA  EFF9  F0FF         	goto	u40
   280  01FFEE                     u41:
   281  01FFEE  EFC7  F0FF         	goto	l72
   282  01FFF2                     u40:
   283  01FFF2                     
   284                           ;user_app.c: 113:             LATA = 0x80;
   285  01FFF2  0E80               	movlw	128
   286  01FFF4  6EBE               	movwf	190,c	;volatile
   287  01FFF6  EFC7  F0FF         	goto	l72
   288  01FFFA  0012               	return		;funcret
   289  01FFFC                     __end_of_UserAppRun:
   290                           	callstack 0
   291                           
   292 ;; *************** function _UserAppInitialize *****************
   293 ;; Defined at:
   294 ;;		line 76 in file "user_app.c"
   295 ;; Parameters:    Size  Location     Type
   296 ;;		None
   297 ;; Auto vars:     Size  Location     Type
   298 ;;		None
   299 ;; Return value:  Size  Location     Type
   300 ;;                  1    wreg      void 
   301 ;; Registers used:
   302 ;;		None
   303 ;; Tracked objects:
   304 ;;		On entry : 0/0
   305 ;;		On exit  : 0/0
   306 ;;		Unchanged: 0/0
   307 ;; Data sizes:     COMRAM   BANK5   BANK6   BANK7   BANK8   BANK9  BANK10  BANK11  BANK12  BANK13  BANK14  BANK15  BANK1
      +6  BANK17  BANK18  BANK19  BANK20  BANK21  BANK22  BANK23  BANK24  BANK25  BANK26  BANK27  BANK28  BANK29  BANK30  BANK3
      +1  BANK32  BANK33  BANK34  BANK35  BANK36  BANK37
   308 ;;      Params:         0       0       0       0       0       0       0       0       0       0       0       0       
      +0       0       0       0       0       0       0       0       0       0       0       0       0       0       0       
      +0       0       0       0       0       0       0
   309 ;;      Locals:         0       0       0       0       0       0       0       0       0       0       0       0       
      +0       0       0       0       0       0       0       0       0       0       0       0       0       0       0       
      +0       0       0       0       0       0       0
   310 ;;      Temps:          0       0       0       0       0       0       0       0       0       0       0       0       
      +0       0       0       0       0       0       0       0       0       0       0       0       0       0       0       
      +0       0       0       0       0       0       0
   311 ;;      Totals:         0       0       0       0       0       0       0       0       0       0       0       0       
      +0       0       0       0       0       0       0       0       0       0       0       0       0       0       0       
      +0       0       0       0       0       0       0
   312 ;;Total ram usage:        0 bytes
   313 ;; Hardware stack levels used:    1
   314 ;; This function calls:
   315 ;;		Nothing
   316 ;; This function is called by:
   317 ;;		_main
   318 ;; This function uses a non-reentrant model
   319 ;;
   320                           
   321                           	psect	text2
   322  01FF12                     __ptext2:
   323                           	callstack 0
   324  01FF12                     _UserAppInitialize:
   325                           	callstack 127
   326  01FF12  0012               	return		;funcret
   327  01FF14                     __end_of_UserAppInitialize:
   328                           	callstack 0
   329                           
   330 ;; *************** function _SystemSleep *****************
   331 ;; Defined at:
   332 ;;		line 136 in file "encm369_pic18.c"
   333 ;; Parameters:    Size  Location     Type
   334 ;;		None
   335 ;; Auto vars:     Size  Location     Type
   336 ;;		None
   337 ;; Return value:  Size  Location     Type
   338 ;;                  1    wreg      void 
   339 ;; Registers used:
   340 ;;		None
   341 ;; Tracked objects:
   342 ;;		On entry : 0/0
   343 ;;		On exit  : 0/0
   344 ;;		Unchanged: 0/0
   345 ;; Data sizes:     COMRAM   BANK5   BANK6   BANK7   BANK8   BANK9  BANK10  BANK11  BANK12  BANK13  BANK14  BANK15  BANK1
      +6  BANK17  BANK18  BANK19  BANK20  BANK21  BANK22  BANK23  BANK24  BANK25  BANK26  BANK27  BANK28  BANK29  BANK30  BANK3
      +1  BANK32  BANK33  BANK34  BANK35  BANK36  BANK37
   346 ;;      Params:         0       0       0       0       0       0       0       0       0       0       0       0       
      +0       0       0       0       0       0       0       0       0       0       0       0       0       0       0       
      +0       0       0       0       0       0       0
   347 ;;      Locals:         0       0       0       0       0       0       0       0       0       0       0       0       
      +0       0       0       0       0       0       0       0       0       0       0       0       0       0       0       
      +0       0       0       0       0       0       0
   348 ;;      Temps:          0       0       0       0       0       0       0       0       0       0       0       0       
      +0       0       0       0       0       0       0       0       0       0       0       0       0       0       0       
      +0       0       0       0       0       0       0
   349 ;;      Totals:         0       0       0       0       0       0       0       0       0       0       0       0       
      +0       0       0       0       0       0       0       0       0       0       0       0       0       0       0       
      +0       0       0       0       0       0       0
   350 ;;Total ram usage:        0 bytes
   351 ;; Hardware stack levels used:    1
   352 ;; This function calls:
   353 ;;		Nothing
   354 ;; This function is called by:
   355 ;;		_main
   356 ;; This function uses a non-reentrant model
   357 ;;
   358                           
   359                           	psect	text3
   360  01FF10                     __ptext3:
   361                           	callstack 0
   362  01FF10                     _SystemSleep:
   363                           	callstack 127
   364  01FF10  0012               	return		;funcret
   365  01FF12                     __end_of_SystemSleep:
   366                           	callstack 0
   367                           
   368 ;; *************** function _SysTickSetup *****************
   369 ;; Defined at:
   370 ;;		line 114 in file "encm369_pic18.c"
   371 ;; Parameters:    Size  Location     Type
   372 ;;		None
   373 ;; Auto vars:     Size  Location     Type
   374 ;;		None
   375 ;; Return value:  Size  Location     Type
   376 ;;                  1    wreg      void 
   377 ;; Registers used:
   378 ;;		wreg, status,2
   379 ;; Tracked objects:
   380 ;;		On entry : 0/0
   381 ;;		On exit  : 0/0
   382 ;;		Unchanged: 0/0
   383 ;; Data sizes:     COMRAM   BANK5   BANK6   BANK7   BANK8   BANK9  BANK10  BANK11  BANK12  BANK13  BANK14  BANK15  BANK1
      +6  BANK17  BANK18  BANK19  BANK20  BANK21  BANK22  BANK23  BANK24  BANK25  BANK26  BANK27  BANK28  BANK29  BANK30  BANK3
      +1  BANK32  BANK33  BANK34  BANK35  BANK36  BANK37
   384 ;;      Params:         0       0       0       0       0       0       0       0       0       0       0       0       
      +0       0       0       0       0       0       0       0       0       0       0       0       0       0       0       
      +0       0       0       0       0       0       0
   385 ;;      Locals:         0       0       0       0       0       0       0       0       0       0       0       0       
      +0       0       0       0       0       0       0       0       0       0       0       0       0       0       0       
      +0       0       0       0       0       0       0
   386 ;;      Temps:          0       0       0       0       0       0       0       0       0       0       0       0       
      +0       0       0       0       0       0       0       0       0       0       0       0       0       0       0       
      +0       0       0       0       0       0       0
   387 ;;      Totals:         0       0       0       0       0       0       0       0       0       0       0       0       
      +0       0       0       0       0       0       0       0       0       0       0       0       0       0       0       
      +0       0       0       0       0       0       0
   388 ;;Total ram usage:        0 bytes
   389 ;; Hardware stack levels used:    1
   390 ;; This function calls:
   391 ;;		Nothing
   392 ;; This function is called by:
   393 ;;		_main
   394 ;; This function uses a non-reentrant model
   395 ;;
   396                           
   397                           	psect	text4
   398  01FF26                     __ptext4:
   399                           	callstack 0
   400  01FF26                     _SysTickSetup:
   401                           	callstack 127
   402  01FF26                     
   403                           ;encm369_pic18.c: 116:   G_u32SystemTime1ms = 0;
   404  01FF26  0E00               	movlw	0
   405  01FF28  6E0D               	movwf	_G_u32SystemTime1ms^(0+1280),c	;volatile
   406  01FF2A  0E00               	movlw	0
   407  01FF2C  6E0E               	movwf	(_G_u32SystemTime1ms+1)^(0+1280),c	;volatile
   408  01FF2E  0E00               	movlw	0
   409  01FF30  6E0F               	movwf	(_G_u32SystemTime1ms+2)^(0+1280),c	;volatile
   410  01FF32  0E00               	movlw	0
   411  01FF34  6E10               	movwf	(_G_u32SystemTime1ms+3)^(0+1280),c	;volatile
   412                           
   413                           ;encm369_pic18.c: 117:   G_u32SystemTime1s = 0;
   414  01FF36  0E00               	movlw	0
   415  01FF38  6E09               	movwf	_G_u32SystemTime1s^(0+1280),c	;volatile
   416  01FF3A  0E00               	movlw	0
   417  01FF3C  6E0A               	movwf	(_G_u32SystemTime1s+1)^(0+1280),c	;volatile
   418  01FF3E  0E00               	movlw	0
   419  01FF40  6E0B               	movwf	(_G_u32SystemTime1s+2)^(0+1280),c	;volatile
   420  01FF42  0E00               	movlw	0
   421  01FF44  6E0C               	movwf	(_G_u32SystemTime1s+3)^(0+1280),c	;volatile
   422  01FF46  0012               	return		;funcret
   423  01FF48                     __end_of_SysTickSetup:
   424                           	callstack 0
   425                           
   426 ;; *************** function _GpioSetup *****************
   427 ;; Defined at:
   428 ;;		line 89 in file "encm369_pic18.c"
   429 ;; Parameters:    Size  Location     Type
   430 ;;		None
   431 ;; Auto vars:     Size  Location     Type
   432 ;;		None
   433 ;; Return value:  Size  Location     Type
   434 ;;                  1    wreg      void 
   435 ;; Registers used:
   436 ;;		wreg, status,2
   437 ;; Tracked objects:
   438 ;;		On entry : 0/0
   439 ;;		On exit  : 0/0
   440 ;;		Unchanged: 0/0
   441 ;; Data sizes:     COMRAM   BANK5   BANK6   BANK7   BANK8   BANK9  BANK10  BANK11  BANK12  BANK13  BANK14  BANK15  BANK1
      +6  BANK17  BANK18  BANK19  BANK20  BANK21  BANK22  BANK23  BANK24  BANK25  BANK26  BANK27  BANK28  BANK29  BANK30  BANK3
      +1  BANK32  BANK33  BANK34  BANK35  BANK36  BANK37
   442 ;;      Params:         0       0       0       0       0       0       0       0       0       0       0       0       
      +0       0       0       0       0       0       0       0       0       0       0       0       0       0       0       
      +0       0       0       0       0       0       0
   443 ;;      Locals:         0       0       0       0       0       0       0       0       0       0       0       0       
      +0       0       0       0       0       0       0       0       0       0       0       0       0       0       0       
      +0       0       0       0       0       0       0
   444 ;;      Temps:          0       0       0       0       0       0       0       0       0       0       0       0       
      +0       0       0       0       0       0       0       0       0       0       0       0       0       0       0       
      +0       0       0       0       0       0       0
   445 ;;      Totals:         0       0       0       0       0       0       0       0       0       0       0       0       
      +0       0       0       0       0       0       0       0       0       0       0       0       0       0       0       
      +0       0       0       0       0       0       0
   446 ;;Total ram usage:        0 bytes
   447 ;; Hardware stack levels used:    1
   448 ;; This function calls:
   449 ;;		Nothing
   450 ;; This function is called by:
   451 ;;		_main
   452 ;; This function uses a non-reentrant model
   453 ;;
   454                           
   455                           	psect	text5
   456  01FF6A                     __ptext5:
   457                           	callstack 0
   458  01FF6A                     _GpioSetup:
   459                           	callstack 127
   460  01FF6A                     
   461                           ;encm369_pic18.c: 91:     PORTA = 0x00000000;
   462  01FF6A  0E00               	movlw	0
   463  01FF6C  6ECE               	movwf	206,c	;volatile
   464                           
   465                           ;encm369_pic18.c: 92:     TRISA = 0x00000000;
   466  01FF6E  0E00               	movlw	0
   467  01FF70  6EC6               	movwf	198,c	;volatile
   468                           
   469                           ;encm369_pic18.c: 93:     ANSELA = 0x00000000;
   470  01FF72  0E00               	movlw	0
   471  01FF74  0104               	movlb	4	; () banked
   472  01FF76  6F00               	movwf	0,b	;volatile
   473                           
   474                           ;encm369_pic18.c: 94:     LATA = 0x00000080;
   475  01FF78  0E80               	movlw	128
   476  01FF7A  6EBE               	movwf	190,c	;volatile
   477                           
   478                           ;encm369_pic18.c: 95:     PORTB = 0x00000000;
   479  01FF7C  0E00               	movlw	0
   480  01FF7E  6ECF               	movwf	207,c	;volatile
   481                           
   482                           ;encm369_pic18.c: 96:     TRISB = 0x00000030;
   483  01FF80  0E30               	movlw	48
   484  01FF82  6EC7               	movwf	199,c	;volatile
   485                           
   486                           ;encm369_pic18.c: 97:     ANSELB = 0x00000000;
   487  01FF84  0E00               	movlw	0
   488  01FF86  6F08               	movwf	8,b	;volatile
   489                           
   490                           ;encm369_pic18.c: 98:     LATB = 0x00000000;
   491  01FF88  0E00               	movlw	0
   492  01FF8A  6EBF               	movwf	191,c	;volatile
   493  01FF8C                     
   494                           ; BSR set to: 4
   495  01FF8C  0012               	return		;funcret
   496  01FF8E                     __end_of_GpioSetup:
   497                           	callstack 0
   498                           
   499 ;; *************** function _ClockSetup *****************
   500 ;; Defined at:
   501 ;;		line 70 in file "encm369_pic18.c"
   502 ;; Parameters:    Size  Location     Type
   503 ;;		None
   504 ;; Auto vars:     Size  Location     Type
   505 ;;		None
   506 ;; Return value:  Size  Location     Type
   507 ;;                  1    wreg      void 
   508 ;; Registers used:
   509 ;;		None
   510 ;; Tracked objects:
   511 ;;		On entry : 0/0
   512 ;;		On exit  : 0/0
   513 ;;		Unchanged: 0/0
   514 ;; Data sizes:     COMRAM   BANK5   BANK6   BANK7   BANK8   BANK9  BANK10  BANK11  BANK12  BANK13  BANK14  BANK15  BANK1
      +6  BANK17  BANK18  BANK19  BANK20  BANK21  BANK22  BANK23  BANK24  BANK25  BANK26  BANK27  BANK28  BANK29  BANK30  BANK3
      +1  BANK32  BANK33  BANK34  BANK35  BANK36  BANK37
   515 ;;      Params:         0       0       0       0       0       0       0       0       0       0       0       0       
      +0       0       0       0       0       0       0       0       0       0       0       0       0       0       0       
      +0       0       0       0       0       0       0
   516 ;;      Locals:         0       0       0       0       0       0       0       0       0       0       0       0       
      +0       0       0       0       0       0       0       0       0       0       0       0       0       0       0       
      +0       0       0       0       0       0       0
   517 ;;      Temps:          0       0       0       0       0       0       0       0       0       0       0       0       
      +0       0       0       0       0       0       0       0       0       0       0       0       0       0       0       
      +0       0       0       0       0       0       0
   518 ;;      Totals:         0       0       0       0       0       0       0       0       0       0       0       0       
      +0       0       0       0       0       0       0       0       0       0       0       0       0       0       0       
      +0       0       0       0       0       0       0
   519 ;;Total ram usage:        0 bytes
   520 ;; Hardware stack levels used:    1
   521 ;; This function calls:
   522 ;;		Nothing
   523 ;; This function is called by:
   524 ;;		_main
   525 ;; This function uses a non-reentrant model
   526 ;;
   527                           
   528                           	psect	text6
   529  01FF0E                     __ptext6:
   530                           	callstack 0
   531  01FF0E                     _ClockSetup:
   532                           	callstack 127
   533  01FF0E  0012               	return		;funcret
   534  01FF10                     __end_of_ClockSetup:
   535                           	callstack 0
   536  0000                     
   537                           	psect	rparam
   538  0000                     
   539                           	psect	idloc
   540                           
   541                           ;Config register IDLOC0 @ 0x200000
   542                           ;	unspecified, using default values
   543  200000                     	org	2097152
   544  200000  0FFF               	dw	4095
   545                           
   546                           ;Config register IDLOC1 @ 0x200002
   547                           ;	unspecified, using default values
   548  200002                     	org	2097154
   549  200002  0FFF               	dw	4095
   550                           
   551                           ;Config register IDLOC2 @ 0x200004
   552                           ;	unspecified, using default values
   553  200004                     	org	2097156
   554  200004  0FFF               	dw	4095
   555                           
   556                           ;Config register IDLOC3 @ 0x200006
   557                           ;	unspecified, using default values
   558  200006                     	org	2097158
   559  200006  0FFF               	dw	4095
   560                           
   561                           ;Config register IDLOC4 @ 0x200008
   562                           ;	unspecified, using default values
   563  200008                     	org	2097160
   564  200008  0FFF               	dw	4095
   565                           
   566                           ;Config register IDLOC5 @ 0x20000A
   567                           ;	unspecified, using default values
   568  20000A                     	org	2097162
   569  20000A  0FFF               	dw	4095
   570                           
   571                           ;Config register IDLOC6 @ 0x20000C
   572                           ;	unspecified, using default values
   573  20000C                     	org	2097164
   574  20000C  0FFF               	dw	4095
   575                           
   576                           ;Config register IDLOC7 @ 0x20000E
   577                           ;	unspecified, using default values
   578  20000E                     	org	2097166
   579  20000E  0FFF               	dw	4095
   580                           
   581                           ;Config register IDLOC8 @ 0x200010
   582                           ;	unspecified, using default values
   583  200010                     	org	2097168
   584  200010  0FFF               	dw	4095
   585                           
   586                           ;Config register IDLOC9 @ 0x200012
   587                           ;	unspecified, using default values
   588  200012                     	org	2097170
   589  200012  0FFF               	dw	4095
   590                           
   591                           ;Config register IDLOC10 @ 0x200014
   592                           ;	unspecified, using default values
   593  200014                     	org	2097172
   594  200014  0FFF               	dw	4095
   595                           
   596                           ;Config register IDLOC11 @ 0x200016
   597                           ;	unspecified, using default values
   598  200016                     	org	2097174
   599  200016  0FFF               	dw	4095
   600                           
   601                           ;Config register IDLOC12 @ 0x200018
   602                           ;	unspecified, using default values
   603  200018                     	org	2097176
   604  200018  0FFF               	dw	4095
   605                           
   606                           ;Config register IDLOC13 @ 0x20001A
   607                           ;	unspecified, using default values
   608  20001A                     	org	2097178
   609  20001A  0FFF               	dw	4095
   610                           
   611                           ;Config register IDLOC14 @ 0x20001C
   612                           ;	unspecified, using default values
   613  20001C                     	org	2097180
   614  20001C  0FFF               	dw	4095
   615                           
   616                           ;Config register IDLOC15 @ 0x20001E
   617                           ;	unspecified, using default values
   618  20001E                     	org	2097182
   619  20001E  0FFF               	dw	4095
   620                           
   621                           	psect	config
   622                           
   623                           ;Config register CONFIG1 @ 0x300000
   624                           ;	External Oscillator Selection
   625                           ;	FEXTOSC = OFF, Oscillator not enabled
   626                           ;	Reset Oscillator Selection
   627                           ;	RSTOSC = HFINTOSC_64MHZ, HFINTOSC with HFFRQ = 64 MHz and CDIV = 1:1
   628  300000                     	org	3145728
   629  300000  8C                 	db	140
   630                           
   631                           ;Config register CONFIG2 @ 0x300001
   632                           ;	Clock out Enable bit
   633                           ;	CLKOUTEN = ON, CLKOUT function is enabled
   634                           ;	PRLOCKED One-Way Set Enable bit
   635                           ;	PR1WAY = ON, PRLOCKED bit can be cleared and set only once
   636                           ;	Clock Switch Enable bit
   637                           ;	CSWEN = ON, Writing to NOSC and NDIV is allowed
   638                           ;	Fail-Safe Clock Monitor Enable bit
   639                           ;	FCMEN = ON, Fail-Safe Clock Monitor enabled
   640  300001                     	org	3145729
   641  300001  FE                 	db	254
   642                           
   643                           ;Config register CONFIG3 @ 0x300002
   644                           ;	MCLR Enable bit
   645                           ;	MCLRE = EXTMCLR, If LVP = 0, MCLR pin is MCLR; If LVP = 1, RE3 pin function is MCLR
   646                           ;	Power-up timer selection bits
   647                           ;	PWRTS = PWRT_OFF, PWRT is disabled
   648                           ;	Multi-vector enable bit
   649                           ;	MVECEN = ON, Multi-vector enabled, Vector table used for interrupts
   650                           ;	IVTLOCK bit One-way set enable bit
   651                           ;	IVT1WAY = ON, IVTLOCKED bit can be cleared and set only once
   652                           ;	Low Power BOR Enable bit
   653                           ;	LPBOREN = OFF, Low-Power BOR disabled
   654                           ;	Brown-out Reset Enable bits
   655                           ;	BOREN = SBORDIS, Brown-out Reset enabled , SBOREN bit is ignored
   656  300002                     	org	3145730
   657  300002  FF                 	db	255
   658                           
   659                           ;Config register CONFIG4 @ 0x300003
   660                           ;	Brown-out Reset Voltage Selection bits
   661                           ;	BORV = VBOR_2P85, Brown-out Reset Voltage (VBOR) set to 2.8V
   662                           ;	ZCD Disable bit
   663                           ;	ZCD = OFF, ZCD module is disabled. ZCD can be enabled by setting the ZCDSEN bit of ZCD
      +                          CON
   664                           ;	PPSLOCK bit One-Way Set Enable bit
   665                           ;	PPS1WAY = ON, PPSLOCKED bit can be cleared and set only once; PPS registers remain loc
      +                          ked after one clear/set cycle
   666                           ;	Stack Full/Underflow Reset Enable bit
   667                           ;	STVREN = ON, Stack full/underflow will cause Reset
   668                           ;	Low Voltage Programming Enable bit
   669                           ;	LVP = ON, Low voltage programming enabled. MCLR/VPP pin function is MCLR. MCLRE config
      +                          uration bit is ignored
   670                           ;	Extended Instruction Set Enable bit
   671                           ;	XINST = OFF, Extended Instruction Set and Indexed Addressing Mode disabled
   672  300003                     	org	3145731
   673  300003  FC                 	db	252
   674                           
   675                           ;Config register CONFIG5 @ 0x300004
   676                           ;	WDT Period selection bits
   677                           ;	WDTCPS = WDTCPS_31, Divider ratio 1:65536; software control of WDTPS
   678                           ;	WDT operating mode
   679                           ;	WDTE = OFF, WDT Disabled; SWDTEN is ignored
   680  300004                     	org	3145732
   681  300004  9F                 	db	159
   682                           
   683                           ;Config register CONFIG6 @ 0x300005
   684                           ;	WDT Window Select bits
   685                           ;	WDTCWS = WDTCWS_7, window always open (100%); software control; keyed access not requi
      +                          red
   686                           ;	WDT input clock selector
   687                           ;	WDTCCS = SC, Software Control
   688  300005                     	org	3145733
   689  300005  FF                 	db	255
   690                           
   691                           ;Config register CONFIG7 @ 0x300006
   692                           ;	Boot Block Size selection bits
   693                           ;	BBSIZE = BBSIZE_512, Boot Block size is 512 words
   694                           ;	Boot Block enable bit
   695                           ;	BBEN = OFF, Boot block disabled
   696                           ;	Storage Area Flash enable bit
   697                           ;	SAFEN = OFF, SAF disabled
   698                           ;	Background Debugger
   699                           ;	DEBUG = OFF, Background Debugger disabled
   700  300006                     	org	3145734
   701  300006  FF                 	db	255
   702                           
   703                           ;Config register CONFIG8 @ 0x300007
   704                           ;	Boot Block Write Protection bit
   705                           ;	WRTB = OFF, Boot Block not Write protected
   706                           ;	Configuration Register Write Protection bit
   707                           ;	WRTC = OFF, Configuration registers not Write protected
   708                           ;	Data EEPROM Write Protection bit
   709                           ;	WRTD = OFF, Data EEPROM not Write protected
   710                           ;	SAF Write protection bit
   711                           ;	WRTSAF = OFF, SAF not Write Protected
   712                           ;	Application Block write protection bit
   713                           ;	WRTAPP = OFF, Application Block not write protected
   714  300007                     	org	3145735
   715  300007  FF                 	db	255
   716                           
   717                           ; Padding undefined space
   718  300008                     	org	3145736
   719  300008  FF                 	db	255
   720                           
   721                           ;Config register CONFIG10 @ 0x300009
   722                           ;	PFM and Data EEPROM Code Protection bit
   723                           ;	CP = OFF, PFM and Data EEPROM code protection disabled
   724  300009                     	org	3145737
   725  300009  FF                 	db	255
   726                           tosu	equ	0x4FF
   727                           tosh	equ	0x4FE
   728                           tosl	equ	0x4FD
   729                           stkptr	equ	0x4FC
   730                           pclatu	equ	0x4FB
   731                           pclath	equ	0x4FA
   732                           pcl	equ	0x4F9
   733                           tblptru	equ	0x4F8
   734                           tblptrh	equ	0x4F7
   735                           tblptrl	equ	0x4F6
   736                           tablat	equ	0x4F5
   737                           prodh	equ	0x4F4
   738                           prodl	equ	0x4F3
   739                           indf0	equ	0x4EF
   740                           postinc0	equ	0x4EE
   741                           postdec0	equ	0x4ED
   742                           preinc0	equ	0x4EC
   743                           plusw0	equ	0x4EB
   744                           fsr0h	equ	0x4EA
   745                           fsr0l	equ	0x4E9
   746                           wreg	equ	0x4E8
   747                           indf1	equ	0x4E7
   748                           postinc1	equ	0x4E6
   749                           postdec1	equ	0x4E5
   750                           preinc1	equ	0x4E4
   751                           plusw1	equ	0x4E3
   752                           fsr1h	equ	0x4E2
   753                           fsr1l	equ	0x4E1
   754                           bsr	equ	0x4E0
   755                           indf2	equ	0x4DF
   756                           postinc2	equ	0x4DE
   757                           postdec2	equ	0x4DD
   758                           preinc2	equ	0x4DC
   759                           plusw2	equ	0x4DB
   760                           fsr2h	equ	0x4DA
   761                           fsr2l	equ	0x4D9
   762                           status	equ	0x4D8

Data Sizes:
    Strings     0
    Constant    0
    Data        0
    BSS         17
    Persistent  0
    Stack       0

Auto Spaces:
    Space          Size  Autos    Used
    COMRAM           95      2      19
    BANK5           160      0       0
    BANK6           256      0       0
    BANK7           256      0       0
    BANK8           256      0       0
    BANK9           256      0       0
    BANK10          256      0       0
    BANK11          256      0       0
    BANK12          256      0       0
    BANK13          256      0       0
    BANK14          256      0       0
    BANK15          256      0       0
    BANK16          256      0       0
    BANK17          256      0       0
    BANK18          256      0       0
    BANK19          256      0       0
    BANK20          256      0       0
    BANK21          256      0       0
    BANK22          256      0       0
    BANK23          256      0       0
    BANK24          256      0       0
    BANK25          256      0       0
    BANK26          256      0       0
    BANK27          256      0       0
    BANK28          256      0       0
    BANK29          256      0       0
    BANK30          256      0       0
    BANK31          256      0       0
    BANK32          256      0       0
    BANK33          256      0       0
    BANK34          256      0       0
    BANK35          256      0       0
    BANK36          256      0       0
    BANK37          256      0       0

Pointer List with Targets:

    None.

Critical Paths under _main in COMRAM

    _main->_UserAppRun

Critical Paths under _main in BANK5

    None.

Critical Paths under _main in BANK6

    None.

Critical Paths under _main in BANK7

    None.

Critical Paths under _main in BANK8

    None.

Critical Paths under _main in BANK9

    None.

Critical Paths under _main in BANK10

    None.

Critical Paths under _main in BANK11

    None.

Critical Paths under _main in BANK12

    None.

Critical Paths under _main in BANK13

    None.

Critical Paths under _main in BANK14

    None.

Critical Paths under _main in BANK15

    None.

Critical Paths under _main in BANK16

    None.

Critical Paths under _main in BANK17

    None.

Critical Paths under _main in BANK18

    None.

Critical Paths under _main in BANK19

    None.

Critical Paths under _main in BANK20

    None.

Critical Paths under _main in BANK21

    None.

Critical Paths under _main in BANK22

    None.

Critical Paths under _main in BANK23

    None.

Critical Paths under _main in BANK24

    None.

Critical Paths under _main in BANK25

    None.

Critical Paths under _main in BANK26

    None.

Critical Paths under _main in BANK27

    None.

Critical Paths under _main in BANK28

    None.

Critical Paths under _main in BANK29

    None.

Critical Paths under _main in BANK30

    None.

Critical Paths under _main in BANK31

    None.

Critical Paths under _main in BANK32

    None.

Critical Paths under _main in BANK33

    None.

Critical Paths under _main in BANK34

    None.

Critical Paths under _main in BANK35

    None.

Critical Paths under _main in BANK36

    None.

Critical Paths under _main in BANK37

    None.

Call Graph Tables:

 ---------------------------------------------------------------------------------
 (Depth) Function   	        Calls       Base Space   Used Autos Params    Refs
 ---------------------------------------------------------------------------------
 (0) _main                                                 0     0      0      15
                         _ClockSetup
                          _GpioSetup
                       _SysTickSetup
                        _SystemSleep
                  _UserAppInitialize
                         _UserAppRun
 ---------------------------------------------------------------------------------
 (1) _UserAppRun                                           2     2      0      15
                                              0 COMRAM     2     2      0
 ---------------------------------------------------------------------------------
 (1) _UserAppInitialize                                    0     0      0       0
 ---------------------------------------------------------------------------------
 (1) _SystemSleep                                          0     0      0       0
 ---------------------------------------------------------------------------------
 (1) _SysTickSetup                                         0     0      0       0
 ---------------------------------------------------------------------------------
 (1) _GpioSetup                                            0     0      0       0
 ---------------------------------------------------------------------------------
 (1) _ClockSetup                                           0     0      0       0
 ---------------------------------------------------------------------------------
 Estimated maximum stack depth 1
 ---------------------------------------------------------------------------------

 Call Graph Graphs:

 _main (ROOT)
   _ClockSetup
   _GpioSetup
   _SysTickSetup
   _SystemSleep
   _UserAppInitialize
   _UserAppRun

 Address spaces:
Name               Size   Autos  Total    Cost      Usage
BIGRAM            20FF      0       0      71        0.0%
EEDATA             400      0       0       0        0.0%
BITBANK37          100      0       0      70        0.0%
BANK37             100      0       0      68        0.0%
BITBANK36          100      0       0      66        0.0%
BANK36             100      0       0      67        0.0%
BITBANK35          100      0       0      64        0.0%
BANK35             100      0       0      65        0.0%
BITBANK34          100      0       0      62        0.0%
BANK34             100      0       0      63        0.0%
BITBANK33          100      0       0      60        0.0%
BANK33             100      0       0      61        0.0%
BITBANK32          100      0       0      58        0.0%
BANK32             100      0       0      59        0.0%
BITBANK31          100      0       0      56        0.0%
BANK31             100      0       0      57        0.0%
BITBANK30          100      0       0      54        0.0%
BANK30             100      0       0      55        0.0%
BITBANK29          100      0       0      52        0.0%
BANK29             100      0       0      53        0.0%
BITBANK28          100      0       0      50        0.0%
BANK28             100      0       0      51        0.0%
BITBANK27          100      0       0      48        0.0%
BANK27             100      0       0      49        0.0%
BITBANK26          100      0       0      46        0.0%
BANK26             100      0       0      47        0.0%
BITBANK25          100      0       0      44        0.0%
BANK25             100      0       0      45        0.0%
BITBANK24          100      0       0      42        0.0%
BANK24             100      0       0      43        0.0%
BITBANK23          100      0       0      40        0.0%
BANK23             100      0       0      41        0.0%
BITBANK22          100      0       0      38        0.0%
BANK22             100      0       0      39        0.0%
BITBANK21          100      0       0      36        0.0%
BANK21             100      0       0      37        0.0%
BITBANK20          100      0       0      34        0.0%
BANK20             100      0       0      35        0.0%
BITBANK19          100      0       0      32        0.0%
BANK19             100      0       0      33        0.0%
BITBANK18          100      0       0      30        0.0%
BANK18             100      0       0      31        0.0%
BITBANK17          100      0       0      28        0.0%
BANK17             100      0       0      29        0.0%
BITBANK16          100      0       0      26        0.0%
BANK16             100      0       0      27        0.0%
BITBANK15          100      0       0      24        0.0%
BANK15             100      0       0      25        0.0%
BITBANK14          100      0       0      22        0.0%
BANK14             100      0       0      23        0.0%
BITBANK13          100      0       0      20        0.0%
BANK13             100      0       0      21        0.0%
BITBANK12          100      0       0      18        0.0%
BANK12             100      0       0      19        0.0%
BITBANK11          100      0       0      16        0.0%
BANK11             100      0       0      17        0.0%
BITBANK10          100      0       0      14        0.0%
BANK10             100      0       0      15        0.0%
BITBANK9           100      0       0      12        0.0%
BANK9              100      0       0      13        0.0%
BITBANK8           100      0       0      10        0.0%
BANK8              100      0       0      11        0.0%
BITBANK7           100      0       0       8        0.0%
BANK7              100      0       0       9        0.0%
BITBANK6           100      0       0       6        0.0%
BANK6              100      0       0       7        0.0%
BITBANK5            A0      0       0       4        0.0%
BANK5               A0      0       0       5        0.0%
BITCOMRAM           5F      0       0       0        0.0%
COMRAM              5F      2      13       1       20.0%
BITSFR_5             0      0       0     200        0.0%
SFR_5                0      0       0     200        0.0%
BITSFR_4             0      0       0     200        0.0%
SFR_4                0      0       0     200        0.0%
BITSFR_3             0      0       0     200        0.0%
SFR_3                0      0       0     200        0.0%
BITSFR_2             0      0       0     200        0.0%
SFR_2                0      0       0     200        0.0%
BITSFR_1             0      0       0     200        0.0%
SFR_1                0      0       0     200        0.0%
BITSFR               0      0       0     200        0.0%
SFR                  0      0       0     200        0.0%
STACK                0      0       0       2        0.0%
NULL                 0      0       0       0        0.0%
ABS                  0      0      13      69        0.0%
DATA                 0      0      13       3        0.0%
CODE                 0      0       0       0        0.0%


Microchip Technology PIC18 Macro Assembler V2.31 build 20201012212115 
Symbol Table                                                                                   Thu Feb 25 12:07:31 2021

     __size_of_SysTickSetup 0022                          l23 FF0E                          l32 FF10  
                        l26 FF8C                          l29 FF46                          l72 FF8E  
                        l69 FF12                          u10 FFA0                          u11 FF9C  
                        u20 FFB6                          u21 FFB2                          u30 FFC8  
                        u31 FFC4                          u40 FFF2                          u41 FFEE  
                       l800 FF52                         l802 FF56                         l804 FF5A  
                       l806 FF5E                         l760 FF8E                         l770 FFD0  
                       l762 FFA0                         l756 FF6A                         l772 FFDC  
                       l764 FFA8                         l774 FFE2                         l766 FFB6  
                       l792 FF26                         l776 FFF2                         l768 FFC8  
                       l794 FF48                         l796 FF4A                         l798 FF4E  
                       wreg 0004E8                        _LATA 0004BE                        _LATB 0004BF  
                      _main FF48                _SysTickSetup FF26                        start FFFC  
      __size_of_SystemSleep 0002                ___param_bank 000000                  _ClockSetup FF0E  
                     ?_main 0512                       _PORTA 0004CE                       _PORTB 0004CF  
                     _TRISA 0004C6                       _TRISB 0004C7       UserAppRun@ButtonPress 0512  
                     status 0004D8             __initialization FF14                __end_of_main FF6A  
                    ??_main 0514               __activetblptr 000000                      _ANSELA 000400  
                    _ANSELB 000408          __size_of_GpioSetup 0024                 ?_ClockSetup 0512  
                    clear_0 FF1A                  _UserAppRun FF8E                  __accesstop 0560  
   __end_of__initialization FF20               ___rparam_used 000001            _G_u8UserAppFlags 0511  
            __pcstackCOMRAM 0512           __end_of_GpioSetup FF8E         __size_of_ClockSetup 0002  
               ?_UserAppRun 0512               ??_SystemSleep 0512                     __Hparam 0000  
                   __Lparam 0000                     __pcinit FF14                     __ramtop 2600  
                   __ptext0 FF48                     __ptext1 FF8E                     __ptext2 FF12  
                   __ptext3 FF10                     __ptext4 FF26                     __ptext5 FF6A  
                   __ptext6 FF0E        end_of_initialization FF20            _G_u32SystemFlags 0505  
                   postinc0 0004EE         __end_of_SystemSleep FF12                ??_ClockSetup 0512  
       __size_of_UserAppRun 006E                   _PORTBbits 0004CF        UserAppRun@u32Counter 0501  
        __end_of_ClockSetup FF10                   _GpioSetup FF6A         start_initialization FF14  
             ?_SysTickSetup 0512                 _SystemSleep FF10                  ?_GpioSetup 0512  
               __pbssCOMRAM 0501           _UserAppInitialize FF12                ??_UserAppRun 0512  
        ?_UserAppInitialize 0512              ??_SysTickSetup 0512         ??_UserAppInitialize 0512  
        __end_of_UserAppRun FFFC   __end_of_UserAppInitialize FF14                 ??_GpioSetup 0512  
                  __Hrparam 0000                    __Lrparam 0000        __end_of_SysTickSetup FF48  
__size_of_UserAppInitialize 0002               __size_of_main 0022                ?_SystemSleep 0512  
        _G_u32SystemTime1ms 050D           _G_u32SystemTime1s 0509  
